2026-06-20 00:24:02 [INFO ] crawler | 日志文件: C:\Users\henry\OneDrive\Desktop\复旦大学\大三（专业课）\下学期\社会数据挖掘\期末课程项目\data\logs\crawl_20260620_002402.log
2026-06-20 00:24:02 [INFO ] crawler | ============================================================
2026-06-20 00:24:02 [INFO ] crawler | Dry-run 测试模式
2026-06-20 00:24:02 [INFO ] crawler | ============================================================
2026-06-20 00:24:04 [DEBUG] crawler | 首页cookies: {'buvid3': '554AB94C-2B60-1A47-6BD1-FACB3535C8D439402infoc', 'b_nut': '1781886239'}
2026-06-20 00:24:04 [DEBUG] crawler | WBI密钥获取成功 (nav code=-101)
2026-06-20 00:24:04 [DEBUG] crawler | WBI密钥已更新: mixin_key=ea1db124...
2026-06-20 00:24:04 [DEBUG] crawler | WBI密钥初始化成功
2026-06-20 00:24:04 [INFO ] crawler | [1/4] 搜索关键词: 躺平（多排序时间覆盖测试）
2026-06-20 00:24:04 [INFO ] crawler |   order=pubdate: 50条/页, 日期范围: 2026-06-19 ~ 2026-06-19
2026-06-20 00:24:05 [INFO ] crawler |   order=click: 50条/页, 日期范围: 2022-07-15 ~ 2025-04-30
2026-06-20 00:24:06 [INFO ] crawler |   order=dm: 50条/页, 日期范围: 2019-09-27 ~ 2024-04-20
2026-06-20 00:24:06 [INFO ] crawler | [2/4] 用 order=click 搜索并预筛选:
2026-06-20 00:24:06 [INFO ] crawler |   page=1: 47 条通过预筛选, 首条=【速效休息】20分钟躺平冥想，重启大脑提高专注力...
2026-06-20 00:24:06 [INFO ] crawler |   首条: BV1nm4y1t7t5 | 【速效休息】20分钟躺平冥想，重启大脑提高专注力... | 播放1807.6w
2026-06-20 00:24:06 [INFO ] crawler | [3/4] 获取视频详情: BV1nm4y1t7t5
2026-06-20 00:24:07 [INFO ] crawler |   OK: 点赞70.9w, 投币30.8w, 分区: 
2026-06-20 00:24:07 [INFO ] crawler | [4/4] 获取评论: oid=698886063
2026-06-20 00:24:07 [DEBUG] crawler | HTTP 404 [评论 oid=698886063]
2026-06-20 00:24:07 [INFO ] crawler |   评论: 0 条
2026-06-20 00:24:08 [INFO ] crawler |   UP主: 范李猿, 粉丝: 0
2026-06-20 00:24:08 [INFO ] crawler | ============================================================
2026-06-20 00:24:08 [INFO ] crawler | Dry-run 完成。如果以上输出正常，可以开始全量爬取。
2026-06-20 00:24:08 [INFO ] crawler | ============================================================
