2026-06-20 00:27:21 [INFO ] crawler | 日志文件: C:\Users\henry\OneDrive\Desktop\复旦大学\大三（专业课）\下学期\社会数据挖掘\期末课程项目\data\logs\crawl_20260620_002721.log
2026-06-20 00:27:21 [INFO ] crawler | ============================================================
2026-06-20 00:27:21 [INFO ] crawler | Dry-run 测试模式
2026-06-20 00:27:21 [INFO ] crawler | ============================================================
2026-06-20 00:27:21 [DEBUG] crawler | 首页cookies: {'buvid3': 'CE66CEC5-B852-2BF8-5A98-E25A322BE8EA37175infoc', 'b_nut': '1781886437'}
2026-06-20 00:27:22 [DEBUG] crawler | WBI密钥获取成功 (nav code=-101)
2026-06-20 00:27:22 [DEBUG] crawler | WBI密钥已更新: mixin_key=ea1db124...
2026-06-20 00:27:22 [DEBUG] crawler | WBI密钥初始化成功
2026-06-20 00:27:22 [INFO ] crawler | [1/4] 搜索关键词: 躺平（多排序时间覆盖测试）
2026-06-20 00:27:22 [INFO ] crawler |   order=pubdate: 50条/页, 日期范围: 2026-06-19 ~ 2026-06-19
2026-06-20 00:27:23 [INFO ] crawler |   order=click: 50条/页, 日期范围: 2022-07-15 ~ 2025-04-30
2026-06-20 00:27:23 [INFO ] crawler |   order=dm: 50条/页, 日期范围: 2019-09-27 ~ 2024-04-20
2026-06-20 00:27:23 [INFO ] crawler | [2/4] 用 order=click 搜索并预筛选:
2026-06-20 00:27:24 [INFO ] crawler |   page=1: 47 条通过预筛选, 首条=【速效休息】20分钟躺平冥想，重启大脑提高专注力...
2026-06-20 00:27:24 [INFO ] crawler |   首条: BV1nm4y1t7t5 | 【速效休息】20分钟躺平冥想，重启大脑提高专注力... | 播放1807.6w
2026-06-20 00:27:24 [INFO ] crawler | [3/4] 获取视频详情: BV1nm4y1t7t5
2026-06-20 00:27:24 [INFO ] crawler |   OK: 点赞70.9w, 投币30.8w, 分区: 
2026-06-20 00:27:24 [INFO ] crawler | [4/4] 获取评论: oid=698886063
2026-06-20 00:27:24 [INFO ] crawler |   评论: 4 条
2026-06-20 00:27:24 [INFO ] crawler |   首条: 朋友们！我的冥想放松系统课上线啦！点击购课👉https://b23.tv/mall-4INny-76spy 立享早鸟优惠...
2026-06-20 00:27:25 [INFO ] crawler |   UP主: 范李猿, 粉丝: 0
2026-06-20 00:27:25 [INFO ] crawler | ============================================================
2026-06-20 00:27:25 [INFO ] crawler | Dry-run 完成。如果以上输出正常，可以开始全量爬取。
2026-06-20 00:27:25 [INFO ] crawler | ============================================================
