2026-06-20 00:28:00 [INFO ] crawler | 日志文件: C:\Users\henry\OneDrive\Desktop\复旦大学\大三（专业课）\下学期\社会数据挖掘\期末课程项目\data\logs\crawl_20260620_002800.log
2026-06-20 00:28:00 [WARNING] crawler | 关键词 '上岸' 不在预定义列表中，将继续使用
2026-06-20 00:28:00 [INFO ] crawler | 指定关键词: ['躺平', '上岸', '35岁危机']
2026-06-20 00:28:00 [INFO ] crawler | 配置: delay=0.3-0.6s, workers=4, max_videos=60, resume=False
2026-06-20 00:28:00 [DEBUG] crawler | 首页cookies: {'buvid3': 'EABC2A10-1935-6732-4458-A007C0C3889475765infoc', 'b_nut': '1781886475'}
2026-06-20 00:28:00 [DEBUG] crawler | WBI密钥获取成功 (nav code=-101)
2026-06-20 00:28:00 [DEBUG] crawler | WBI密钥已更新: mixin_key=ea1db124...
2026-06-20 00:28:00 [DEBUG] crawler | WBI密钥初始化成功
2026-06-20 00:28:00 [INFO ] crawler | ============================================================
2026-06-20 00:28:00 [INFO ] crawler | B站人生规划话语数据采集器 启动
2026-06-20 00:28:00 [INFO ] crawler | ============================================================
2026-06-20 00:28:00 [INFO ] crawler | 关键词: 3 × 排序: 3 = 9 组搜索, 待处理: 9, 上限: 60
2026-06-20 00:28:00 [INFO ] crawler | Phase A: 多线程搜索（4线程 × 3排序）...
2026-06-20 00:28:18 [INFO ] crawler | 搜索完成: 发现 101 个新视频 (已有 0 个)
2026-06-20 00:28:18 [INFO ] crawler | Phase B: 处理 101 条视频详情...
2026-06-20 00:28:19 [INFO ] crawler | [1/1] BV1c51PBbEim | 35岁危机 | 播放0.3w 赞132 | OK
2026-06-20 00:28:20 [INFO ] crawler | [2/2] BV126sfz4Eoz | 35岁危机 | 播放1.0w 赞250 | OK
2026-06-20 00:28:21 [WARNING] crawler | 收到429限速，退避 4.0s (连续第1次)
2026-06-20 00:28:21 [DEBUG] crawler | API -799 频率限制 [用户 mid=3546625871972998]
2026-06-20 00:28:25 [INFO ] crawler | [3/3] BV1d7yZBwEHo | 35岁危机 | 播放0.1w 赞13 | OK
2026-06-20 00:28:27 [INFO ] crawler | [4/4] BV1tW1qBhEY6 | 35岁危机 | 播放3.3w 赞519 | OK
2026-06-20 00:28:28 [INFO ] crawler | [5/5] BV1Qa1iBKEsP | 35岁危机 | 播放0.1w 赞36 | OK
2026-06-20 00:28:30 [INFO ] crawler | [6/6] BV1ba1CBJEx8 | 35岁危机 | 播放0.3w 赞55 | OK
2026-06-20 00:28:31 [INFO ] crawler | [7/7] BV1LW1pBNETW | 35岁危机 | 播放0.1w 赞16 | OK
2026-06-20 00:28:32 [WARNING] crawler | 收到429限速，退避 4.0s (连续第1次)
2026-06-20 00:28:32 [DEBUG] crawler | API -799 频率限制 [用户 mid=3546954829138154]
2026-06-20 00:28:36 [INFO ] crawler | [8/8] BV1yU1sBdELe | 35岁危机 | 播放0.1w 赞10 | OK
2026-06-20 00:28:37 [WARNING] crawler | 收到429限速，退避 4.0s (连续第1次)
2026-06-20 00:28:37 [DEBUG] crawler | API -799 频率限制 [用户 mid=630562191]
2026-06-20 00:28:41 [INFO ] crawler | [9/9] BV1AC1nBCEAL | 35岁危机 | 播放0.0w 赞4 | OK
2026-06-20 00:28:42 [INFO ] crawler | [10/10] BV1hF2cBNEuR | 35岁危机 | 播放0.1w 赞25 | OK
2026-06-20 00:28:44 [INFO ] crawler | [11/11] BV12C2gBoEU3 | 35岁危机 | 播放0.3w 赞108 | OK
2026-06-20 00:28:44 [WARNING] crawler | 收到429限速，退避 4.0s (连续第1次)
2026-06-20 00:28:44 [DEBUG] crawler | API -799 频率限制 [用户 mid=1147223058]
2026-06-20 00:28:48 [INFO ] crawler | [12/12] BV17T1DBSEYe | 35岁危机 | 播放0.0w 赞1 | OK
2026-06-20 00:28:50 [INFO ] crawler | [13/13] BV1eKkDBzEZM | 35岁危机 | 播放0.0w 赞2 | OK
2026-06-20 00:28:51 [WARNING] crawler | 收到429限速，退避 4.0s (连续第1次)
2026-06-20 00:28:51 [DEBUG] crawler | API -799 频率限制 [用户 mid=3537115459619440]
2026-06-20 00:28:56 [INFO ] crawler | [14/14] BV1k2kfB5EkW | 35岁危机 | 播放0.3w 赞37 | OK
2026-06-20 00:28:56 [INFO ] crawler | [15/15] BV1HSkfBGEdi | 35岁危机 | 播放0.1w 赞16 | OK
2026-06-20 00:28:58 [INFO ] crawler | [16/16] BV1k9CcB7EWY | 35岁危机 | 播放0.0w 赞1 | OK
2026-06-20 00:28:59 [INFO ] crawler | [17/17] BV1e8k6BVECR | 35岁危机 | 播放0.0w 赞? | OK
2026-06-20 00:29:01 [WARNING] crawler | 收到429限速，退避 4.0s (连续第1次)
2026-06-20 00:29:01 [DEBUG] crawler | API -799 频率限制 [用户 mid=1260927603]
2026-06-20 00:29:06 [INFO ] crawler | [18/18] BV17DC7BsESB | 35岁危机 | 播放0.1w 赞12 | OK
2026-06-20 00:29:08 [WARNING] crawler | 收到429限速，退避 4.0s (连续第1次)
2026-06-20 00:29:08 [DEBUG] crawler | API -799 频率限制 [用户 mid=3546574294616231]
2026-06-20 00:29:12 [INFO ] crawler | [19/19] BV1tdCnBmEw3 | 35岁危机 | 播放7.3w 赞5063 | OK
2026-06-20 00:29:13 [WARNING] crawler | 收到429限速，退避 4.0s (连续第1次)
2026-06-20 00:29:13 [DEBUG] crawler | API -799 频率限制 [用户 mid=3494373356472734]
2026-06-20 00:29:17 [INFO ] crawler | [20/20] BV1wJCtBxEs8 | 35岁危机 | 播放0.0w 赞12 | OK
2026-06-20 00:29:18 [WARNING] crawler | 收到429限速，退避 4.0s (连续第1次)
2026-06-20 00:29:18 [DEBUG] crawler | API -799 频率限制 [用户 mid=3546391580248447]
2026-06-20 00:29:23 [INFO ] crawler | [21/21] BV1D7CmBtEz9 | 35岁危机 | 播放0.0w 赞1 | OK
2026-06-20 00:29:24 [INFO ] crawler | [22/22] BV1ojC9BpECQ | 35岁危机 | 播放0.0w 赞? | OK
2026-06-20 00:29:25 [INFO ] crawler | [23/23] BV1vkCXB2EAF | 35岁危机 | 播放0.1w 赞9 | OK
2026-06-20 00:29:26 [WARNING] crawler | 收到429限速，退避 4.0s (连续第1次)
2026-06-20 00:29:26 [DEBUG] crawler | API -799 频率限制 [用户 mid=3546958482377141]
2026-06-20 00:29:30 [INFO ] crawler | [24/24] BV1pmCYBrEUN | 35岁危机 | 播放0.0w 赞? | OK
2026-06-20 00:29:31 [INFO ] crawler | [25/25] BV12ACvBJEiT | 35岁危机 | 播放0.1w 赞14 | OK
2026-06-20 00:29:32 [INFO ] crawler | [26/26] BV1YCCrBjEzq | 35岁危机 | 播放0.1w 赞21 | OK
2026-06-20 00:29:34 [INFO ] crawler | [27/27] BV1hvyEB7Exx | 35岁危机 | 播放0.0w 赞1 | OK
2026-06-20 00:29:35 [WARNING] crawler | 收到429限速，退避 4.0s (连续第1次)
2026-06-20 00:29:35 [DEBUG] crawler | API -799 频率限制 [用户 mid=1150472191]
2026-06-20 00:29:39 [INFO ] crawler | [28/28] BV1sTyEBiEMY | 35岁危机 | 播放3.7w 赞446 | OK
2026-06-20 00:29:42 [WARNING] crawler | 收到429限速，退避 4.0s (连续第1次)
2026-06-20 00:29:42 [DEBUG] crawler | API -799 频率限制 [用户 mid=1373694427]
2026-06-20 00:29:46 [INFO ] crawler | [29/29] BV1h81pBcEZp | 35岁危机 | 播放0.1w 赞4 | OK
2026-06-20 00:29:48 [INFO ] crawler | [30/30] BV1GNyPBrE1T | 35岁危机 | 播放1.0w 赞603 | OK
2026-06-20 00:29:49 [INFO ] crawler | [31/31] BV1w2yABRECz | 35岁危机 | 播放0.0w 赞6 | OK
2026-06-20 00:29:50 [WARNING] crawler | 收到429限速，退避 4.0s (连续第1次)
2026-06-20 00:29:50 [DEBUG] crawler | API -799 频率限制 [用户 mid=1351317448]
2026-06-20 00:29:54 [INFO ] crawler | [32/32] BV1fHUVBxELj | 35岁危机 | 播放0.0w 赞2 | OK
2026-06-20 00:29:56 [INFO ] crawler | [33/33] BV1ETUjBYEJT | 35岁危机 | 播放0.0w 赞1 | OK
2026-06-20 00:30:01 [INFO ] crawler | [34/34] BV1QYUnBcEPs | 35岁危机 | 播放0.1w 赞10 | OK
2026-06-20 00:30:02 [WARNING] crawler | 收到429限速，退避 4.0s (连续第1次)
2026-06-20 00:30:02 [DEBUG] crawler | API -799 频率限制 [用户 mid=3494368946162325]
2026-06-20 00:30:06 [INFO ] crawler | [35/35] BV1A2UCBDEy1 | 35岁危机 | 播放0.1w 赞30 | OK
2026-06-20 00:30:07 [WARNING] crawler | 收到429限速，退避 4.0s (连续第1次)
2026-06-20 00:30:07 [DEBUG] crawler | API -799 频率限制 [用户 mid=3546872975198859]
2026-06-20 00:30:11 [INFO ] crawler | [36/36] BV1QpUUBrEM6 | 35岁危机 | 播放0.0w 赞9 | OK
2026-06-20 00:30:12 [WARNING] crawler | 收到429限速，退避 4.0s (连续第1次)
2026-06-20 00:30:12 [DEBUG] crawler | API -799 频率限制 [用户 mid=3546588135819452]
2026-06-20 00:30:16 [INFO ] crawler | [37/37] BV1FhUbBvEw3 | 35岁危机 | 播放0.1w 赞25 | OK
2026-06-20 00:30:18 [WARNING] crawler | 收到429限速，退避 4.0s (连续第1次)
2026-06-20 00:30:18 [DEBUG] crawler | API -799 频率限制 [用户 mid=38710372]
2026-06-20 00:30:23 [INFO ] crawler | [38/38] BV1URUhBdEMi | 35岁危机 | 播放0.4w 赞79 | OK
2026-06-20 00:30:24 [WARNING] crawler | 收到429限速，退避 4.0s (连续第1次)
2026-06-20 00:30:24 [DEBUG] crawler | API -799 频率限制 [用户 mid=2137354390]
2026-06-20 00:30:28 [INFO ] crawler | [39/39] BV15gUvBVERV | 35岁危机 | 播放0.0w 赞? | OK
2026-06-20 00:30:30 [INFO ] crawler | [40/40] BV1XQSTBeEKz | 35岁危机 | 播放16.2w 赞1788 | OK
2026-06-20 00:30:31 [WARNING] crawler | 收到429限速，退避 4.0s (连续第1次)
2026-06-20 00:30:31 [DEBUG] crawler | API -799 频率限制 [用户 mid=3632312363256105]
2026-06-20 00:30:35 [INFO ] crawler | [41/41] BV1YGUZBgE82 | 35岁危机 | 播放0.5w 赞39 | OK
2026-06-20 00:30:36 [WARNING] crawler | 收到429限速，退避 4.0s (连续第1次)
2026-06-20 00:30:36 [DEBUG] crawler | API -799 频率限制 [用户 mid=42642702]
2026-06-20 00:30:40 [INFO ] crawler | [42/42] BV1DzUfB6EYa | 35岁危机 | 播放0.0w 赞2 | OK
2026-06-20 00:30:41 [WARNING] crawler | 收到429限速，退避 4.0s (连续第1次)
2026-06-20 00:30:41 [DEBUG] crawler | API -799 频率限制 [用户 mid=88861773]
2026-06-20 00:30:45 [INFO ] crawler | [43/43] BV1DoSTBcEuK | 35岁危机 | 播放0.0w 赞4 | OK
2026-06-20 00:30:46 [WARNING] crawler | 收到429限速，退避 4.0s (连续第1次)
2026-06-20 00:30:46 [DEBUG] crawler | API -799 频率限制 [用户 mid=3493292457068921]
2026-06-20 00:30:50 [INFO ] crawler | [44/44] BV1NGSyBoEd6 | 35岁危机 | 播放0.0w 赞? | OK
2026-06-20 00:30:51 [INFO ] crawler | [45/45] BV11LS2BaEZ5 | 35岁危机 | 播放0.0w 赞? | OK
2026-06-20 00:30:52 [INFO ] crawler | [46/46] BV1y2S4BzEx2 | 35岁危机 | 播放0.1w 赞9 | OK
2026-06-20 00:30:53 [WARNING] crawler | 收到429限速，退避 4.0s (连续第1次)
2026-06-20 00:30:53 [DEBUG] crawler | API -799 频率限制 [用户 mid=3546778370574836]
2026-06-20 00:30:57 [INFO ] crawler | [47/47] BV1jUSaBCE2v | 35岁危机 | 播放0.6w 赞56 | OK
2026-06-20 00:30:59 [INFO ] crawler | [48/48] BV1qmSaB5EsV | 35岁危机 | 播放0.0w 赞3 | OK
2026-06-20 00:31:00 [WARNING] crawler | 收到429限速，退避 4.0s (连续第1次)
2026-06-20 00:31:00 [DEBUG] crawler | API -799 频率限制 [用户 mid=31608861]
2026-06-20 00:31:04 [INFO ] crawler | [49/49] BV1rcSaB1ENK | 35岁危机 | 播放0.1w 赞16 | OK
2026-06-20 00:31:05 [WARNING] crawler | 收到429限速，退避 4.0s (连续第1次)
2026-06-20 00:31:05 [DEBUG] crawler | API -799 频率限制 [用户 mid=3546817371310255]
2026-06-20 00:31:09 [INFO ] crawler | [50/50] BV18pSaBhEti | 35岁危机 | 播放0.1w 赞11 | OK
2026-06-20 00:31:10 [INFO ] crawler | [51/51] BV19jSaBvEHC | 35岁危机 | 播放14.9w 赞1716 | OK
2026-06-20 00:31:11 [INFO ] crawler | [52/52] BV1XBSYBuEuT | 35岁危机 | 播放0.1w 赞6 | OK
2026-06-20 00:31:12 [WARNING] crawler | 收到429限速，退避 4.0s (连续第1次)
2026-06-20 00:31:12 [DEBUG] crawler | API -799 频率限制 [用户 mid=3546954829138154]
2026-06-20 00:31:16 [INFO ] crawler | [53/53] BV1y72xBfEHZ | 35岁危机 | 播放0.1w 赞9 | OK
2026-06-20 00:31:18 [INFO ] crawler | [54/54] BV12w2hBLEL7 | 35岁危机 | 播放0.0w 赞? | OK
2026-06-20 00:31:19 [WARNING] crawler | 收到429限速，退避 4.0s (连续第1次)
2026-06-20 00:31:19 [DEBUG] crawler | API -799 频率限制 [用户 mid=1260927603]
2026-06-20 00:31:23 [INFO ] crawler | [55/55] BV1w92YBEEfP | 35岁危机 | 播放0.0w 赞9 | OK
2026-06-20 00:31:24 [WARNING] crawler | 收到429限速，退避 4.0s (连续第1次)
2026-06-20 00:31:24 [DEBUG] crawler | API -799 频率限制 [用户 mid=3690971774584889]
2026-06-20 00:31:28 [INFO ] crawler | [56/56] BV1ns25BxExE | 35岁危机 | 播放0.0w 赞1 | OK
2026-06-20 00:31:29 [INFO ] crawler | [57/57] BV1Sf2RBWEjE | 35岁危机 | 播放0.1w 赞14 | OK
2026-06-20 00:31:30 [INFO ] crawler | [58/58] BV1cSmcBREKP | 35岁危机 | 播放3.2w 赞606 | OK
2026-06-20 00:31:31 [INFO ] crawler | [59/59] BV1Gx2QBnEdJ | 35岁危机 | 播放0.0w 赞? | OK
2026-06-20 00:31:32 [WARNING] crawler | 收到429限速，退避 4.0s (连续第1次)
2026-06-20 00:31:32 [DEBUG] crawler | API -799 频率限制 [用户 mid=1150472191]
2026-06-20 00:31:36 [INFO ] crawler | [60/60] BV1wHmnB1Ec6 | 35岁危机 | 播放3.9w 赞874 | OK
2026-06-20 00:31:36 [INFO ] crawler | 已达到视频上限 60，停止处理。
2026-06-20 00:31:36 [INFO ] crawler | ============================================================
2026-06-20 00:31:36 [INFO ] crawler | 爬取完成!
2026-06-20 00:31:36 [INFO ] crawler |   视频: 60 条
2026-06-20 00:31:36 [INFO ] crawler |   跳过: 0 条
2026-06-20 00:31:36 [INFO ] crawler |   评论: 99 条
2026-06-20 00:31:36 [INFO ] crawler |   错误: 0 次
2026-06-20 00:31:36 [INFO ] crawler |   耗时: 0.06h
2026-06-20 00:31:36 [INFO ] crawler |   速率: 1090 条/h
2026-06-20 00:31:36 [INFO ] crawler | ============================================================
2026-06-20 00:31:36 [INFO ] crawler | 最终统计: 爬取60条视频, 耗时0.06h, 速率1090条/h
