2026-06-23 10:03:29 [INFO ] crawler | 日志文件: C:\Users\henry\OneDrive\Desktop\复旦大学\大三（专业课）\下学期\社会数据挖掘\期末课程项目\data\logs\crawl_20260623_100329.log
2026-06-23 10:03:29 [INFO ] crawler | ============================================================
2026-06-23 10:03:29 [INFO ] crawler | Dry-run 测试模式 - 知乎
2026-06-23 10:03:29 [INFO ] crawler | ============================================================
2026-06-23 10:03:31 [DEBUG] crawler | 知乎首页cookies: {'_zap': '914489fe-2846-4e05-98c1-9c84cbb79a62', '_xsrf': '5aea2874-0fd7-41ed-ad0e-28536622f6f1', 'BEC': 'd6322fc1daba6406210e61eaa4ec5a7a'}
2026-06-23 10:03:31 [DEBUG] crawler | 手动设置 d_c0: 87bf64948a2a472499d86ac35f8877b4
2026-06-23 10:03:31 [DEBUG] crawler | 知乎API模块初始化完成
2026-06-23 10:03:31 [INFO ] crawler | --- Part A: 知乎连通性测试 ---
2026-06-23 10:03:31 [INFO ] crawler | [A1] Cookie获取: OK
2026-06-23 10:03:31 [INFO ] crawler |   _zap: 914489fe-2846-4e05-98c1-9c84cbb79a62...
2026-06-23 10:03:31 [INFO ] crawler |   _xsrf: 5aea2874-0fd7-41ed-ad0e-28536622f6f1...
2026-06-23 10:03:31 [INFO ] crawler |   d_c0: 87bf64948a2a472499d86ac35f8877b4...
2026-06-23 10:03:31 [INFO ] crawler |   BEC: d6322fc1daba6406210e61eaa4ec5a7a...
2026-06-23 10:03:31 [INFO ] crawler | [A2] Suggest API 测试（不需要签名）...
2026-06-23 10:03:31 [INFO ] crawler |   OK: 10 条搜索建议返回
2026-06-23 10:03:31 [INFO ] crawler | [A3] Search API 测试（需要x-zse-96签名）...
2026-06-23 10:03:32 [WARNING] crawler | 收到429限速，退避 6.0s (连续第1次)
2026-06-23 10:03:32 [WARNING] crawler | HTTP 403 被拦截 [搜索 躺平 offset=0]，可能需要更新 cookie 或 x-zse-96 签名
2026-06-23 10:03:32 [WARNING] crawler |   Search API 当前不可用（x-zse-96签名需更新或需要登录cookie）
2026-06-23 10:03:32 [INFO ] crawler | 
2026-06-23 10:03:32 [INFO ] crawler | --- Part B: 管道完整性验证 ---
2026-06-23 10:03:32 [INFO ] crawler | [B1] 模拟回答详情获取...
2026-06-23 10:03:32 [INFO ] crawler |   OK: answer_id=999888777, 赞同=1.5w
2026-06-23 10:03:32 [INFO ] crawler | [B2] CSV 写入测试...
2026-06-23 10:03:32 [INFO ] crawler |   OK: answers.csv 已有 1 条记录
2026-06-23 10:03:32 [INFO ] crawler |   路径: C:\Users\henry\OneDrive\Desktop\复旦大学\大三（专业课）\下学期\社会数据挖掘\期末课程项目\data\raw\answers.csv
2026-06-23 10:03:32 [INFO ] crawler | [B3] 模拟评论获取...
2026-06-23 10:03:32 [INFO ] crawler |   OK: comments.csv 已有 2 条记录
2026-06-23 10:03:32 [INFO ] crawler | [B4] Checkpoint 持久化测试...
2026-06-23 10:03:32 [DEBUG] crawler | 从checkpoint恢复了 1 个已爬answer_id
2026-06-23 10:03:32 [INFO ] crawler |   OK: checkpoint 已保存, answer_id_count=1
2026-06-23 10:03:32 [INFO ] crawler | [B5] 互动率计算验证...
2026-06-23 10:03:32 [INFO ] crawler |   互动率 = (15200 + 5600 + 342) / 280000 = 0.0755
2026-06-23 10:03:32 [INFO ] crawler |   OK: 互动率计算正常
2026-06-23 10:03:32 [INFO ] crawler | 
2026-06-23 10:03:32 [INFO ] crawler | ============================================================
2026-06-23 10:03:32 [INFO ] crawler | Dry-run 完成!
2026-06-23 10:03:32 [INFO ] crawler |   连通性: suggest API 通, search API 待配置
2026-06-23 10:03:32 [INFO ] crawler |   管道验证: 全部通过 (CSV写入/Checkpoint/评论/统计)
2026-06-23 10:03:32 [INFO ] crawler |   CSV文件: C:\Users\henry\OneDrive\Desktop\复旦大学\大三（专业课）\下学期\社会数据挖掘\期末课程项目\data\raw\answers.csv
2026-06-23 10:03:32 [INFO ] crawler | 
2026-06-23 10:03:32 [INFO ] crawler |   ⚠ Search API 需要更新 x-zse-96 签名或提供登录Cookie。
2026-06-23 10:03:32 [INFO ] crawler |   临时方案: 从浏览器导出知乎cookie到 crawler/cookies.txt
2026-06-23 10:03:32 [INFO ] crawler |   或运行: pip install zhihu-scraper 使用社区维护的签名算法
2026-06-23 10:03:32 [INFO ] crawler | ============================================================
