\BOOKMARK [1][-]{section.1}{\376\377\137\025\212\000}{}% 1
\BOOKMARK [1][-]{section.2}{\376\377\145\207\163\056\176\374\217\360}{}% 2
\BOOKMARK [2][-]{subsection.2.1}{\376\377\140\305\176\352\117\040\147\323\116\016\127\050\176\277\117\040\144\255}{section.2}% 3
\BOOKMARK [2][-]{subsection.2.2}{\376\377\117\030\176\351\116\073\116\111\123\312\121\166\142\171\122\044}{section.2}% 4
\BOOKMARK [2][-]{subsection.2.3}{\376\377\227\122\136\164\216\253\116\375\116\016\117\040\176\337\123\331\116\213\123\117\125\106}{section.2}% 5
\BOOKMARK [2][-]{subsection.2.4}{\376\377\167\345\116\116\117\134\116\072\170\024\172\166\127\072\127\337\116\016\116\055\145\207\140\305\176\352\122\006\147\220\145\271\154\325}{section.2}% 6
\BOOKMARK [1][-]{section.3}{\376\377\145\160\143\156\116\016\170\024\172\166\213\276\213\241}{}% 7
\BOOKMARK [2][-]{subsection.3.1}{\376\377\136\163\123\360\116\016\121\205\133\271\203\003\126\364}{section.3}% 8
\BOOKMARK [2][-]{subsection.3.2}{\376\377\145\160\143\156\145\066\226\306\116\016\156\005\155\027}{section.3}% 9
\BOOKMARK [1][-]{section.4}{\376\377\170\024\172\166\145\271\154\325}{}% 10
\BOOKMARK [2][-]{subsection.4.1}{\376\377\140\305\176\352\122\006\174\173\150\106\147\266}{section.4}% 11
\BOOKMARK [2][-]{subsection.4.2}{\376\377\122\006\174\173\155\101\172\013\116\016\232\214\213\301}{section.4}% 12
\BOOKMARK [2][-]{subsection.4.3}{\376\377\117\040\144\255\145\110\147\234\126\336\137\122\152\041\127\213}{section.4}% 13
\BOOKMARK [2][-]{subsection.4.4}{\376\377\121\306\133\236\232\214\213\276\213\241}{section.4}% 14
\BOOKMARK [2][-]{subsection.4.5}{\376\377\173\046\123\367\213\364\146\016}{section.4}% 15
\BOOKMARK [1][-]{section.5}{\376\377\176\323\147\234\116\016\122\006\147\220}{}% 16
\BOOKMARK [2][-]{subsection.5.1}{\376\377\140\305\176\352\122\006\136\003\116\016\145\366\225\364\157\024\123\026}{section.5}% 17
\BOOKMARK [2][-]{subsection.5.2}{\376\377\140\305\176\352\174\173\127\213\116\016\117\040\144\255\145\110\147\234}{section.5}% 18
\BOOKMARK [2][-]{subsection.5.3}{\376\377\213\315\154\107\134\102\227\142\166\204\137\256\211\302\213\301\143\156}{section.5}% 19
\BOOKMARK [2][-]{subsection.5.4}{\376\377\147\072\122\066\116\016\126\340\147\234\172\063\120\145\140\047}{section.5}% 20
\BOOKMARK [3][-]{subsubsection.5.4.1}{\376\377\116\213\116\366\170\024\172\166\116\016\123\314\221\315\135\356\122\006}{subsection.5.4}% 21
\BOOKMARK [3][-]{subsubsection.5.4.2}{\376\377\117\134\200\005\126\372\133\232\145\110\136\224}{subsection.5.4}% 22
\BOOKMARK [1][-]{section.6}{\376\377\213\250\213\272}{}% 23
\BOOKMARK [2][-]{subsection.6.1}{\376\377\133\371\170\024\172\166\225\356\230\230\166\204\126\336\173\124}{section.6}% 24
\BOOKMARK [2][-]{subsection.6.2}{\376\377\121\163\200\124\200\314\124\016\166\204\147\072\122\066}{section.6}% 25
\BOOKMARK [2][-]{subsection.6.3}{\376\377\170\024\172\166\134\100\226\120}{section.6}% 26
\BOOKMARK [1][-]{section.7}{\376\377\176\323\213\272}{}% 27
\BOOKMARK [1][-]{appendix.A}{\376\377\226\104\137\125}{}% 28
